Using pre-set license
Built from '2020.2/release' branch; Version is '2020.2.4f1 (becced5a802b) revision 12504301'; Using compiler version '192528614'; Build Type 'Release'
OS: 'Windows 10 Pro; OS build 19042.867; Version 2009; 64bit' Language: 'tr' Physical Memory: 7926 MB
BatchMode: 1, IsHumanControllingUs: 0, StartBugReporterOnCrash: 0, Is64bit: 1, IsPro: 0

 COMMAND LINE ARGUMENTS:
C:\Program Files\Unity\Hub\Editor\2020.2.4f1\Editor\Unity.exe
-adb2
-batchMode
-noUpm
-name
AssetImportWorker0
-projectPath
C:/Users/rabia/Documents/GitHub/Platform-Game/redJava
-logFile
Logs/AssetImportWorker0.log
-srvPort
50445
Successfully changed project path to: C:/Users/rabia/Documents/GitHub/Platform-Game/redJava
C:/Users/rabia/Documents/GitHub/Platform-Game/redJava
Using Asset Import Pipeline V2.
Refreshing native plugins compatible for Editor in 76.76 ms, found 1 plugins.
Preloading 0 native plugins for Editor in 0.00 ms.
Initialize engine version: 2020.2.4f1 (becced5a802b)
[Subsystems] Discovering subsystems at path C:/Program Files/Unity/Hub/Editor/2020.2.4f1/Editor/Data/Resources/UnitySubsystems
[Subsystems] Discovering subsystems at path C:/Users/rabia/Documents/GitHub/Platform-Game/redJava/Assets
GfxDevice: creating device client; threaded=0
Direct3D:
    Version:  Direct3D 11.0 [level 11.1]
    Renderer: AMD Radeon (TM) 530 (ID=0x6900)
    Vendor:   
    VRAM:     2038 MB
    Driver:   27.20.14535.3005
Initialize mono
Mono path[0] = 'C:/Program Files/Unity/Hub/Editor/2020.2.4f1/Editor/Data/Managed'
Mono path[1] = 'C:/Program Files/Unity/Hub/Editor/2020.2.4f1/Editor/Data/MonoBleedingEdge/lib/mono/unityjit'
Mono config path = 'C:/Program Files/Unity/Hub/Editor/2020.2.4f1/Editor/Data/MonoBleedingEdge/etc'
Using monoOptions --debugger-agent=transport=dt_socket,embedding=1,server=y,suspend=n,address=127.0.0.1:56904
Begin MonoManager ReloadAssembly
Registering precompiled unity dll's ...
Register platform support module: C:/Program Files/Unity/Hub/Editor/2020.2.4f1/Editor/Data/PlaybackEngines/WindowsStandaloneSupport/UnityEditor.WindowsStandalone.Extensions.dll
Registered in 0.003907 seconds.
Native extension for WindowsStandalone target not found
Refreshing native plugins compatible for Editor in 76.11 ms, found 1 plugins.
Preloading 0 native plugins for Editor in 0.00 ms.
Invoked RoslynAnalysisRunner static constructor.
RoslynAnalysisRunner will not be running.
RoslynAnalysisRunner has terminated.
Mono: successfully reloaded assembly
- Completed reload, in  3.820 seconds
Platform modules already initialized, skipping
Registering precompiled user dll's ...
Registered in 0.001415 seconds.
Begin MonoManager ReloadAssembly
Native extension for WindowsStandalone target not found
Refreshing native plugins compatible for Editor in 65.59 ms, found 1 plugins.
Preloading 0 native plugins for Editor in 0.00 ms.
Invoked RoslynAnalysisRunner static constructor.
RoslynAnalysisRunner will not be running.
RoslynAnalysisRunner has terminated.
Mono: successfully reloaded assembly
- Completed reload, in  1.382 seconds
Platform modules already initialized, skipping
========================================================================
Worker process is ready to serve import requests
Launched and connected shader compiler UnityShaderCompiler.exe after 0.07 seconds
Refreshing native plugins compatible for Editor in 0.93 ms, found 1 plugins.
Preloading 0 native plugins for Editor in 0.00 ms.
Unloading 1926 Unused Serialized files (Serialized files now loaded: 0)
System memory in use before: 94.9 MB.
System memory in use after: 94.6 MB.

Unloading 26 unused Assets to reduce memory usage. Loaded Objects now: 2372.
Total: 4.355900 ms (FindLiveObjects: 0.323400 ms CreateObjectMapping: 0.131200 ms MarkObjects: 3.434100 ms  DeleteObjects: 0.464500 ms)

========================================================================
Received Import Request.
  path: Assets/Animations/characterJump.anim
  artifactKey: Guid(01bff3c7c92db554e9edcf9f9c958c9d) Importer(815301076,1909f56bfc062723c751e8b465ee728b)
Start importing Assets/Animations/characterJump.anim using Guid(01bff3c7c92db554e9edcf9f9c958c9d) Importer(815301076,1909f56bfc062723c751e8b465ee728b)  -> (artifact id: '75c84bef8c0b4897e3c7d6213c773a17') in 0.185538 seconds
  Import took 0.189910 seconds .

========================================================================
Received Import Request.
  Time since last request: 11118.664921 seconds.
  path: Assets/Scripts/characterControl.cs
  artifactKey: Guid(cb2e27cb4c432e1409d4fd2065e70049) Importer(815301076,1909f56bfc062723c751e8b465ee728b)
Start importing Assets/Scripts/characterControl.cs using Guid(cb2e27cb4c432e1409d4fd2065e70049) Importer(815301076,1909f56bfc062723c751e8b465ee728b)  -> (artifact id: 'a4e6b117771f4dbd0f222e9358042cfa') in 0.056895 seconds
  Import took 0.148706 seconds .

AssetImportWorkerClient::OnTransportError - code=2 error=End of file
